<?xml version="1.0" encoding="UTF-8"?>
<testsuite name="REST Project 1.Cards" tests="4" failures="1" errors="0" time="1.102"><properties>
[...]
</properties><testcase name="User_have_0_cards" time="0.735"/><testcase name="Linking_card" time="0.073"/><testcase name="Transaction_not_found" time="0.053"/><testcase name="Payment" time="0.241"><failure type="Cancelling due to failed test step" message="Cancelling due to failed test step"><![CDATA[<h3><b>ApplePay Failed</b></h3><pre>[Valid HTTP Status Codes] Response status code:500 is not in acceptable list of status codes
</pre><hr/>]]></failure></testcase></testsuite>